<?xml version="1.0" encoding="UTF-8"?>
<!-- Generated by org.testng.reporters.JUnitXMLReporter -->
<testsuite hostname="DESKTOP" ignored="23" name="Test" tests="1" failures="1" timestamp="07 Feb 2019 09:53:40 GMT" time="57.946" errors="0">
  <testcase name="testCustomers" time="35.216" classname="com.issquared.TestCases.ASSETS_Testcase">
    <failure type="org.openqa.selenium.TimeoutException" message="Timed out after 30 seconds waiting for visibility of [[ChromeDriver: chrome on XP (04a21a3fed02d11e974d394247d3d6bf)] -&amp;gt; xpath: //a[@href=&amp;apos;/Customers/Manage&amp;apos;]//span[contains(text(),Customers)]]
Build info: version: &amp;apos;2.53.0&amp;apos;, revision: &amp;apos;35ae25b&amp;apos;, time: &amp;apos;2016-03-15 16:57:40&amp;apos;
System info: host: &amp;apos;DESKTOP&amp;apos;, ip: &amp;apos;10.10.18.87&amp;apos;, os.name: &amp;apos;Windows 10&amp;apos;, os.arch: &amp;apos;amd64&amp;apos;, os.version: &amp;apos;10.0&amp;apos;, java.version: &amp;apos;1.8.0_121&amp;apos;
Driver info: driver.version: unknown">
      <![CDATA[org.openqa.selenium.TimeoutException: Timed out after 30 seconds waiting for visibility of [[ChromeDriver: chrome on XP (04a21a3fed02d11e974d394247d3d6bf)] -> xpath: //a[@href='/Customers/Manage']//span[contains(text(),Customers)]]
Build info: version: '2.53.0', revision: '35ae25b', time: '2016-03-15 16:57:40'
System info: host: 'DESKTOP', ip: '10.10.18.87', os.name: 'Windows 10', os.arch: 'amd64', os.version: '10.0', java.version: '1.8.0_121'
Driver info: driver.version: unknown
	at org.openqa.selenium.support.ui.FluentWait.timeoutException(FluentWait.java:292)
	at org.openqa.selenium.support.ui.FluentWait.until(FluentWait.java:261)
	at com.issquared.Common.Common.Fluwait(Common.java:102)
	at com.issquared.Common.Common.click(Common.java:126)
	at com.issquared.PageObjects.Customers.selectCustomers(Customers.java:122)
	at com.issquared.Methods.Customers_Method.createCustomers(Customers_Method.java:43)
	at com.issquared.TestCases.ASSETS_Testcase.testCustomers(ASSETS_Testcase.java:127)
	at java.util.concurrent.FutureTask.run(Unknown Source)
	at java.util.concurrent.ThreadPoolExecutor.runWorker(Unknown Source)
	at java.util.concurrent.ThreadPoolExecutor$Worker.run(Unknown Source)
	at java.lang.Thread.run(Unknown Source)
... Removed 16 stack frames]]>
    </failure>
  </testcase> <!-- testCustomers -->
  <testcase name="testWarrantyContract" time="0.0" classname="com.issquared.TestCases.ASSETS_Testcase">
    <ignored/>
  </testcase> <!-- testWarrantyContract -->
  <testcase name="testOnboardRequests" time="0.0" classname="com.issquared.TestCases.ASSETS_Testcase">
    <ignored/>
  </testcase> <!-- testOnboardRequests -->
  <testcase name="testAssetpool" time="0.0" classname="com.issquared.TestCases.ASSETS_Testcase">
    <ignored/>
  </testcase> <!-- testAssetpool -->
  <testcase name="testInsuranceContract" time="0.0" classname="com.issquared.TestCases.ASSETS_Testcase">
    <ignored/>
  </testcase> <!-- testInsuranceContract -->
  <testcase name="testAssignUserToManagerRole" time="0.0" classname="com.issquared.TestCases.ASSETS_Testcase">
    <ignored/>
  </testcase> <!-- testAssignUserToManagerRole -->
  <testcase name="testTransferRequests" time="0.0" classname="com.issquared.TestCases.ASSETS_Testcase">
    <ignored/>
  </testcase> <!-- testTransferRequests -->
  <testcase name="testSKUItems" time="0.0" classname="com.issquared.TestCases.ASSETS_Testcase">
    <ignored/>
  </testcase> <!-- testSKUItems -->
  <testcase name="testEmailTemplates" time="0.0" classname="com.issquared.TestCases.ASSETS_Testcase">
    <ignored/>
  </testcase> <!-- testEmailTemplates -->
  <testcase name="testItemClass" time="0.0" classname="com.issquared.TestCases.ASSETS_Testcase">
    <ignored/>
  </testcase> <!-- testItemClass -->
  <testcase name="testLIFECYCLE_dispose" time="0.0" classname="com.issquared.TestCases.ASSETS_Testcase">
    <ignored/>
  </testcase> <!-- testLIFECYCLE_dispose -->
  <testcase name="testWarehouse" time="0.0" classname="com.issquared.TestCases.ASSETS_Testcase">
    <ignored/>
  </testcase> <!-- testWarehouse -->
  <testcase name="testItemSubType" time="0.0" classname="com.issquared.TestCases.ASSETS_Testcase">
    <ignored/>
  </testcase> <!-- testItemSubType -->
  <testcase name="testACTIONS_onboard" time="0.0" classname="com.issquared.TestCases.ASSETS_Testcase">
    <ignored/>
  </testcase> <!-- testACTIONS_onboard -->
  <testcase name="testAssetBundles" time="0.0" classname="com.issquared.TestCases.ASSETS_Testcase">
    <ignored/>
  </testcase> <!-- testAssetBundles -->
  <testcase name="testLIFECYCLE_hold" time="0.0" classname="com.issquared.TestCases.ASSETS_Testcase">
    <ignored/>
  </testcase> <!-- testLIFECYCLE_hold -->
  <testcase name="testRequestedAssets" time="0.0" classname="com.issquared.TestCases.ASSETS_Testcase">
    <ignored/>
  </testcase> <!-- testRequestedAssets -->
  <testcase name="testLIFECYCLE_Assign" time="0.0" classname="com.issquared.TestCases.ASSETS_Testcase">
    <ignored/>
  </testcase> <!-- testLIFECYCLE_Assign -->
  <testcase name="testPurchaseOrder" time="0.0" classname="com.issquared.TestCases.ASSETS_Testcase">
    <ignored/>
  </testcase> <!-- testPurchaseOrder -->
  <testcase name="testRecertification" time="0.0" classname="com.issquared.TestCases.ASSETS_Testcase">
    <ignored/>
  </testcase> <!-- testRecertification -->
  <testcase name="testItemType" time="0.0" classname="com.issquared.TestCases.ASSETS_Testcase">
    <ignored/>
  </testcase> <!-- testItemType -->
  <testcase name="testWorkflow" time="0.0" classname="com.issquared.TestCases.ASSETS_Testcase">
    <ignored/>
  </testcase> <!-- testWorkflow -->
  <testcase name="testMaintenanceContract" time="0.0" classname="com.issquared.TestCases.ASSETS_Testcase">
    <ignored/>
  </testcase> <!-- testMaintenanceContract -->
  <testcase name="testLIFECYCLE_Repair" time="0.0" classname="com.issquared.TestCases.ASSETS_Testcase">
    <ignored/>
  </testcase> <!-- testLIFECYCLE_Repair -->
</testsuite> <!-- Test -->
