<?xml version="1.0" encoding="UTF-8"?>
<testng-results skipped="0" failed="1" ignored="23" total="24" passed="0">
  <reporter-output>
  </reporter-output>
  <suite name="Suite" duration-ms="57946" started-at="2019-02-07T09:52:42Z" finished-at="2019-02-07T09:53:39Z">
    <groups>
    </groups>
    <test name="Test" duration-ms="57946" started-at="2019-02-07T09:52:42Z" finished-at="2019-02-07T09:53:39Z">
      <class name="com.issquared.TestCases.ASSETS_Testcase">
        <test-method status="PASS" signature="queryParameterization()[pri:0, instance:com.issquared.TestCases.ASSETS_Testcase@34c4973]" name="queryParameterization" is-config="true" duration-ms="142" started-at="2019-02-07T15:22:42Z" finished-at="2019-02-07T15:22:42Z">
          <reporter-output>
          </reporter-output>
        </test-method> <!-- queryParameterization -->
        <test-method status="PASS" signature="login(org.testng.xml.XmlTest)[pri:0, instance:com.issquared.TestCases.ASSETS_Testcase@34c4973]" name="login" is-config="true" duration-ms="21832" started-at="2019-02-07T15:22:42Z" finished-at="2019-02-07T15:23:03Z">
          <params>
            <param index="0">
              <value>
                <![CDATA[[Test: "Test" verbose:1[parameters:browser=>chrome,url=>file:///D:/Firefox%20Downloads/test-assets.html,][metagroups:] [included: ][excluded: ]  classes: packages:] ]]>
              </value>
            </param>
          </params>
          <reporter-output>
          </reporter-output>
        </test-method> <!-- login -->
        <test-method status="FAIL" signature="testCustomers()[pri:1, instance:com.issquared.TestCases.ASSETS_Testcase@34c4973]" name="testCustomers" duration-ms="35216" started-at="2019-02-07T15:23:04Z" finished-at="2019-02-07T15:23:39Z">
          <exception class="org.openqa.selenium.TimeoutException">
            <message>
              <![CDATA[Timed out after 30 seconds waiting for visibility of [[ChromeDriver: chrome on XP (04a21a3fed02d11e974d394247d3d6bf)] -> xpath: //a[@href='/Customers/Manage']//span[contains(text(),Customers)]]
Build info: version: '2.53.0', revision: '35ae25b', time: '2016-03-15 16:57:40'
System info: host: 'DESKTOP', ip: '10.10.18.87', os.name: 'Windows 10', os.arch: 'amd64', os.version: '10.0', java.version: '1.8.0_121'
Driver info: driver.version: unknown]]>
            </message>
            <full-stacktrace>
              <![CDATA[org.openqa.selenium.TimeoutException: Timed out after 30 seconds waiting for visibility of [[ChromeDriver: chrome on XP (04a21a3fed02d11e974d394247d3d6bf)] -> xpath: //a[@href='/Customers/Manage']//span[contains(text(),Customers)]]
Build info: version: '2.53.0', revision: '35ae25b', time: '2016-03-15 16:57:40'
System info: host: 'DESKTOP', ip: '10.10.18.87', os.name: 'Windows 10', os.arch: 'amd64', os.version: '10.0', java.version: '1.8.0_121'
Driver info: driver.version: unknown
	at org.openqa.selenium.support.ui.FluentWait.timeoutException(FluentWait.java:292)
	at org.openqa.selenium.support.ui.FluentWait.until(FluentWait.java:261)
	at com.issquared.Common.Common.Fluwait(Common.java:102)
	at com.issquared.Common.Common.click(Common.java:126)
	at com.issquared.PageObjects.Customers.selectCustomers(Customers.java:122)
	at com.issquared.Methods.Customers_Method.createCustomers(Customers_Method.java:43)
	at com.issquared.TestCases.ASSETS_Testcase.testCustomers(ASSETS_Testcase.java:127)
	at sun.reflect.NativeMethodAccessorImpl.invoke0(Native Method)
	at sun.reflect.NativeMethodAccessorImpl.invoke(Unknown Source)
	at sun.reflect.DelegatingMethodAccessorImpl.invoke(Unknown Source)
	at java.lang.reflect.Method.invoke(Unknown Source)
	at org.testng.internal.MethodInvocationHelper.invokeMethod(MethodInvocationHelper.java:108)
	at org.testng.internal.Invoker.invokeMethod(Invoker.java:669)
	at org.testng.internal.Invoker.invokeTestMethod(Invoker.java:877)
	at org.testng.internal.Invoker.invokeTestMethods(Invoker.java:1201)
	at org.testng.internal.TestMethodWorker.invokeTestMethods(TestMethodWorker.java:125)
	at org.testng.internal.TestMethodWorker.run(TestMethodWorker.java:109)
	at org.testng.TestRunner.privateRun(TestRunner.java:776)
	at org.testng.TestRunner.run(TestRunner.java:634)
	at org.testng.SuiteRunner.runTest(SuiteRunner.java:425)
	at org.testng.SuiteRunner.access$000(SuiteRunner.java:40)
	at org.testng.SuiteRunner$SuiteWorker.run(SuiteRunner.java:459)
	at org.testng.internal.thread.ThreadUtil$1.call(ThreadUtil.java:52)
	at java.util.concurrent.FutureTask.run(Unknown Source)
	at java.util.concurrent.ThreadPoolExecutor.runWorker(Unknown Source)
	at java.util.concurrent.ThreadPoolExecutor$Worker.run(Unknown Source)
	at java.lang.Thread.run(Unknown Source)
]]>
            </full-stacktrace>
          </exception> <!-- org.openqa.selenium.TimeoutException -->
          <reporter-output>
          </reporter-output>
        </test-method> <!-- testCustomers -->
        <test-method status="PASS" signature="complete()[pri:0, instance:com.issquared.TestCases.ASSETS_Testcase@34c4973]" name="complete" is-config="true" duration-ms="573" started-at="2019-02-07T15:23:39Z" finished-at="2019-02-07T15:23:39Z">
          <reporter-output>
          </reporter-output>
        </test-method> <!-- complete -->
        <test-method status="PASS" signature="writeexcels()[pri:0, instance:com.issquared.TestCases.ASSETS_Testcase@34c4973]" name="writeexcels" is-config="true" duration-ms="147" started-at="2019-02-07T15:23:39Z" depends-on-methods="com.issquared.TestCases.ASSETS_Testcase.complete" finished-at="2019-02-07T15:23:39Z">
          <reporter-output>
          </reporter-output>
        </test-method> <!-- writeexcels -->
      </class> <!-- com.issquared.TestCases.ASSETS_Testcase -->
    </test> <!-- Test -->
  </suite> <!-- Suite -->
</testng-results>
